# JRE version: OpenJDK Runtime Environment (8.0_312-b07) (build 1.8.0_312-b07)
# Java VM: OpenJDK 64-Bit Server VM (25.312-b07 mixed mode windows-amd64 compressed oops)
Heap:
 PSYoungGen      total 496128K, used 20905K [0x00000000d5580000, 0x00000000fe580000, 0x0000000100000000)
  eden space 352256K, 2% used [0x00000000d5580000,0x00000000d5edb558,0x00000000ead80000)
  from space 143872K, 7% used [0x00000000f5900000,0x00000000f640f1c8,0x00000000fe580000)
  to   space 150016K, 0% used [0x00000000ead80000,0x00000000ead80000,0x00000000f4000000)
 ParOldGen       total 463872K, used 297419K [0x0000000080000000, 0x000000009c500000, 0x00000000d5580000)
  object space 463872K, 64% used [0x0000000080000000,0x0000000092272e00,0x000000009c500000)
 Metaspace       used 122575K, capacity 128158K, committed 128600K, reserved 1161216K
  class space    used 15322K, capacity 16446K, committed 16512K, reserved 1048576K
GC Heap History (10 events):
Event: 9403.445 GC heap after
Heap after GC invocations=64 (full 7):
 PSYoungGen      total 502272K, used 72493K [0x00000000d5580000, 0x00000000fe480000, 0x0000000100000000)
  eden space 336384K, 0% used [0x00000000d5580000,0x00000000d5580000,0x00000000e9e00000)
  from space 165888K, 43% used [0x00000000e9e00000,0x00000000ee4cb698,0x00000000f4000000)
  to   space 165888K, 0% used [0x00000000f4000000,0x00000000f4000000,0x00000000fe200000)
 ParOldGen       total 463872K, used 248449K [0x0000000080000000, 0x000000009c500000, 0x00000000d5580000)
  object space 463872K, 53% used [0x0000000080000000,0x000000008f2a07d8,0x000000009c500000)
 Metaspace       used 122479K, capacity 128088K, committed 128600K, reserved 1161216K
  class space    used 15318K, capacity 16445K, committed 16512K, reserved 1048576K
}
Event: 9404.235 GC heap before
{Heap before GC invocations=65 (full 7):
 PSYoungGen      total 502272K, used 408877K [0x00000000d5580000, 0x00000000fe480000, 0x0000000100000000)
  eden space 336384K, 100% used [0x00000000d5580000,0x00000000e9e00000,0x00000000e9e00000)
  from space 165888K, 43% used [0x00000000e9e00000,0x00000000ee4cb698,0x00000000f4000000)
  to   space 165888K, 0% used [0x00000000f4000000,0x00000000f4000000,0x00000000fe200000)
 ParOldGen       total 463872K, used 248449K [0x0000000080000000, 0x000000009c500000, 0x00000000d5580000)
  object space 463872K, 53% used [0x0000000080000000,0x000000008f2a07d8,0x000000009c500000)
 Metaspace       used 122523K, capacity 128152K, committed 128600K, reserved 1161216K
  class space    used 15320K, capacity 16445K, committed 16512K, reserved 1048576K
Event: 9404.322 GC heap after
Heap after GC invocations=65 (full 7):
 PSYoungGen      total 517120K, used 62988K [0x00000000d5580000, 0x00000000fe100000, 0x0000000100000000)
  eden space 352256K, 0% used [0x00000000d5580000,0x00000000d5580000,0x00000000ead80000)
  from space 164864K, 38% used [0x00000000f4000000,0x00000000f7d83308,0x00000000fe100000)
  to   space 150016K, 0% used [0x00000000ead80000,0x00000000ead80000,0x00000000f4000000)
 ParOldGen       total 463872K, used 262132K [0x0000000080000000, 0x000000009c500000, 0x00000000d5580000)
  object space 463872K, 56% used [0x0000000080000000,0x000000008fffd300,0x000000009c500000)
 Metaspace       used 122523K, capacity 128152K, committed 128600K, reserved 1161216K
  class space    used 15320K, capacity 16445K, committed 16512K, reserved 1048576K
}
Event: 9404.946 GC heap before
{Heap before GC invocations=66 (full 7):
 PSYoungGen      total 517120K, used 415244K [0x00000000d5580000, 0x00000000fe100000, 0x0000000100000000)
  eden space 352256K, 100% used [0x00000000d5580000,0x00000000ead80000,0x00000000ead80000)
  from space 164864K, 38% used [0x00000000f4000000,0x00000000f7d83308,0x00000000fe100000)
  to   space 150016K, 0% used [0x00000000ead80000,0x00000000ead80000,0x00000000f4000000)
 ParOldGen       total 463872K, used 262132K [0x0000000080000000, 0x000000009c500000, 0x00000000d5580000)
  object space 463872K, 56% used [0x0000000080000000,0x000000008fffd300,0x000000009c500000)
 Metaspace       used 122529K, capacity 128152K, committed 128600K, reserved 1161216K
  class space    used 15320K, capacity 16445K, committed 16512K, reserved 1048576K
Event: 9405.023 GC heap after
Heap after GC invocations=66 (full 7):
 PSYoungGen      total 502272K, used 48538K [0x00000000d5580000, 0x00000000fe580000, 0x0000000100000000)
  eden space 352256K, 0% used [0x00000000d5580000,0x00000000d5580000,0x00000000ead80000)
  from space 150016K, 32% used [0x00000000ead80000,0x00000000edce69e8,0x00000000f4000000)
  to   space 143872K, 0% used [0x00000000f5900000,0x00000000f5900000,0x00000000fe580000)
 ParOldGen       total 463872K, used 269556K [0x0000000080000000, 0x000000009c500000, 0x00000000d5580000)
  object space 463872K, 58% used [0x0000000080000000,0x000000009073d040,0x000000009c500000)
 Metaspace       used 122529K, capacity 128152K, committed 128600K, reserved 1161216K
  class space    used 15320K, capacity 16445K, committed 16512K, reserved 1048576K
}
Event: 9405.593 GC heap before
{Heap before GC invocations=67 (full 7):
 PSYoungGen      total 502272K, used 400794K [0x00000000d5580000, 0x00000000fe580000, 0x0000000100000000)
  eden space 352256K, 100% used [0x00000000d5580000,0x00000000ead80000,0x00000000ead80000)
  from space 150016K, 32% used [0x00000000ead80000,0x00000000edce69e8,0x00000000f4000000)
  to   space 143872K, 0% used [0x00000000f5900000,0x00000000f5900000,0x00000000fe580000)
 ParOldGen       total 463872K, used 269556K [0x0000000080000000, 0x000000009c500000, 0x00000000d5580000)
  object space 463872K, 58% used [0x0000000080000000,0x000000009073d040,0x000000009c500000)
 Metaspace       used 122541K, capacity 128158K, committed 128600K, reserved 1161216K
  class space    used 15321K, capacity 16446K, committed 16512K, reserved 1048576K
Event: 9405.625 GC heap after
Heap after GC invocations=67 (full 7):
 PSYoungGen      total 496128K, used 47276K [0x00000000d5580000, 0x00000000fe580000, 0x0000000100000000)
  eden space 352256K, 0% used [0x00000000d5580000,0x00000000d5580000,0x00000000ead80000)
  from space 143872K, 32% used [0x00000000f5900000,0x00000000f872b1d0,0x00000000fe580000)
  to   space 150016K, 0% used [0x00000000ead80000,0x00000000ead80000,0x00000000f4000000)
 ParOldGen       total 463872K, used 270002K [0x0000000080000000, 0x000000009c500000, 0x00000000d5580000)
  object space 463872K, 58% used [0x0000000080000000,0x00000000907ac9d8,0x000000009c500000)
 Metaspace       used 122541K, capacity 128158K, committed 128600K, reserved 1161216K
  class space    used 15321K, capacity 16446K, committed 16512K, reserved 1048576K
}
Event: 9406.362 GC heap before
{Heap before GC invocations=68 (full 7):
 PSYoungGen      total 496128K, used 399532K [0x00000000d5580000, 0x00000000fe580000, 0x0000000100000000)
  eden space 352256K, 100% used [0x00000000d5580000,0x00000000ead80000,0x00000000ead80000)
  from space 143872K, 32% used [0x00000000f5900000,0x00000000f872b1d0,0x00000000fe580000)
  to   space 150016K, 0% used [0x00000000ead80000,0x00000000ead80000,0x00000000f4000000)
 ParOldGen       total 463872K, used 270002K [0x0000000080000000, 0x000000009c500000, 0x00000000d5580000)
  object space 463872K, 58% used [0x0000000080000000,0x00000000907ac9d8,0x000000009c500000)
 Metaspace       used 122569K, capacity 128158K, committed 128600K, reserved 1161216K
  class space    used 15321K, capacity 16446K, committed 16512K, reserved 1048576K
Event: 9406.446 GC heap after
Heap after GC invocations=68 (full 7):
 PSYoungGen      total 502272K, used 25130K [0x00000000d5580000, 0x00000000fe580000, 0x0000000100000000)
  eden space 352256K, 0% used [0x00000000d5580000,0x00000000d5580000,0x00000000ead80000)
  from space 150016K, 16% used [0x00000000ead80000,0x00000000ec60aab8,0x00000000f4000000)
  to   space 143872K, 0% used [0x00000000f5900000,0x00000000f5900000,0x00000000fe580000)
 ParOldGen       total 463872K, used 283149K [0x0000000080000000, 0x000000009c500000, 0x00000000d5580000)
  object space 463872K, 61% used [0x0000000080000000,0x00000000914835b0,0x000000009c500000)
 Metaspace       used 122569K, capacity 128158K, committed 128600K, reserved 1161216K
  class space    used 15321K, capacity 16446K, committed 16512K, reserved 1048576K
}
Event: 9407.465 GC heap before
{Heap before GC invocations=69 (full 7):
 PSYoungGen      total 502272K, used 377386K [0x00000000d5580000, 0x00000000fe580000, 0x0000000100000000)
  eden space 352256K, 100% used [0x00000000d5580000,0x00000000ead80000,0x00000000ead80000)
  from space 150016K, 16% used [0x00000000ead80000,0x00000000ec60aab8,0x00000000f4000000)
  to   space 143872K, 0% used [0x00000000f5900000,0x00000000f5900000,0x00000000fe580000)
 ParOldGen       total 463872K, used 283149K [0x0000000080000000, 0x000000009c500000, 0x00000000d5580000)
  object space 463872K, 61% used [0x0000000080000000,0x00000000914835b0,0x000000009c500000)
 Metaspace       used 122574K, capacity 128158K, committed 128600K, reserved 1161216K
  class space    used 15322K, capacity 16446K, committed 16512K, reserved 1048576K

