# JRE version: OpenJDK Runtime Environment (8.0_312-b07) (build 1.8.0_312-b07)
# Java VM: OpenJDK 64-Bit Server VM (25.312-b07 mixed mode windows-amd64 compressed oops)
Heap:
 PSYoungGen      total 142848K, used 22079K [0x00000000d5580000, 0x00000000e1c00000, 0x0000000100000000)
  eden space 125952K, 17% used [0x00000000d5580000,0x00000000d6b0fcc0,0x00000000dd080000)
  from space 16896K, 0% used [0x00000000e0b80000,0x00000000e0b80000,0x00000000e1c00000)
  to   space 12800K, 0% used [0x00000000dd080000,0x00000000dd080000,0x00000000ddd00000)
 ParOldGen       total 72192K, used 34694K [0x0000000080000000, 0x0000000084680000, 0x00000000d5580000)
  object space 72192K, 48% used [0x0000000080000000,0x00000000821e1b00,0x0000000084680000)
 Metaspace       used 58945K, capacity 60562K, committed 60928K, reserved 1101824K
  class space    used 8154K, capacity 8579K, committed 8704K, reserved 1048576K
GC Heap History (10 events):
Event: 20.305 GC heap before
{Heap before GC invocations=13 (full 2):
 PSYoungGen      total 103424K, used 93184K [0x00000000d5580000, 0x00000000dc480000, 0x0000000100000000)
  eden space 93184K, 100% used [0x00000000d5580000,0x00000000db080000,0x00000000db080000)
  from space 10240K, 0% used [0x00000000dba80000,0x00000000dba80000,0x00000000dc480000)
  to   space 10240K, 0% used [0x00000000db080000,0x00000000db080000,0x00000000dba80000)
 ParOldGen       total 72192K, used 15977K [0x0000000080000000, 0x0000000084680000, 0x00000000d5580000)
  object space 72192K, 22% used [0x0000000080000000,0x0000000080f9a448,0x0000000084680000)
 Metaspace       used 44582K, capacity 45602K, committed 45952K, reserved 1089536K
  class space    used 6195K, capacity 6495K, committed 6528K, reserved 1048576K
Event: 20.316 GC heap after
Heap after GC invocations=13 (full 2):
 PSYoungGen      total 103424K, used 10212K [0x00000000d5580000, 0x00000000de880000, 0x0000000100000000)
  eden space 93184K, 0% used [0x00000000d5580000,0x00000000d5580000,0x00000000db080000)
  from space 10240K, 99% used [0x00000000db080000,0x00000000dba79018,0x00000000dba80000)
  to   space 11776K, 0% used [0x00000000ddd00000,0x00000000ddd00000,0x00000000de880000)
 ParOldGen       total 72192K, used 17427K [0x0000000080000000, 0x0000000084680000, 0x00000000d5580000)
  object space 72192K, 24% used [0x0000000080000000,0x0000000081104f00,0x0000000084680000)
 Metaspace       used 44582K, capacity 45602K, committed 45952K, reserved 1089536K
  class space    used 6195K, capacity 6495K, committed 6528K, reserved 1048576K
}
Event: 21.471 GC heap before
{Heap before GC invocations=14 (full 2):
 PSYoungGen      total 103424K, used 103396K [0x00000000d5580000, 0x00000000de880000, 0x0000000100000000)
  eden space 93184K, 100% used [0x00000000d5580000,0x00000000db080000,0x00000000db080000)
  from space 10240K, 99% used [0x00000000db080000,0x00000000dba79018,0x00000000dba80000)
  to   space 11776K, 0% used [0x00000000ddd00000,0x00000000ddd00000,0x00000000de880000)
 ParOldGen       total 72192K, used 17427K [0x0000000080000000, 0x0000000084680000, 0x00000000d5580000)
  object space 72192K, 24% used [0x0000000080000000,0x0000000081104f00,0x0000000084680000)
 Metaspace       used 51579K, capacity 52728K, committed 52992K, reserved 1095680K
  class space    used 7074K, capacity 7415K, committed 7424K, reserved 1048576K
Event: 21.486 GC heap after
Heap after GC invocations=14 (full 2):
 PSYoungGen      total 137728K, used 11572K [0x00000000d5580000, 0x00000000dea00000, 0x0000000100000000)
  eden space 125952K, 0% used [0x00000000d5580000,0x00000000d5580000,0x00000000dd080000)
  from space 11776K, 98% used [0x00000000ddd00000,0x00000000de84d000,0x00000000de880000)
  to   space 12800K, 0% used [0x00000000dd080000,0x00000000dd080000,0x00000000ddd00000)
 ParOldGen       total 72192K, used 24405K [0x0000000080000000, 0x0000000084680000, 0x00000000d5580000)
  object space 72192K, 33% used [0x0000000080000000,0x00000000817d5408,0x0000000084680000)
 Metaspace       used 51579K, capacity 52728K, committed 52992K, reserved 1095680K
  class space    used 7074K, capacity 7415K, committed 7424K, reserved 1048576K
}
Event: 22.772 GC heap before
{Heap before GC invocations=15 (full 2):
 PSYoungGen      total 137728K, used 137524K [0x00000000d5580000, 0x00000000dea00000, 0x0000000100000000)
  eden space 125952K, 100% used [0x00000000d5580000,0x00000000dd080000,0x00000000dd080000)
  from space 11776K, 98% used [0x00000000ddd00000,0x00000000de84d000,0x00000000de880000)
  to   space 12800K, 0% used [0x00000000dd080000,0x00000000dd080000,0x00000000ddd00000)
 ParOldGen       total 72192K, used 24405K [0x0000000080000000, 0x0000000084680000, 0x00000000d5580000)
  object space 72192K, 33% used [0x0000000080000000,0x00000000817d5408,0x0000000084680000)
 Metaspace       used 57153K, capacity 58698K, committed 58752K, reserved 1099776K
  class space    used 7875K, capacity 8293K, committed 8320K, reserved 1048576K
Event: 22.788 GC heap after
Heap after GC invocations=15 (full 2):
 PSYoungGen      total 138752K, used 12787K [0x00000000d5580000, 0x00000000e1c00000, 0x0000000100000000)
  eden space 125952K, 0% used [0x00000000d5580000,0x00000000d5580000,0x00000000dd080000)
  from space 12800K, 99% used [0x00000000dd080000,0x00000000ddcfcd78,0x00000000ddd00000)
  to   space 16896K, 0% used [0x00000000e0b80000,0x00000000e0b80000,0x00000000e1c00000)
 ParOldGen       total 72192K, used 30529K [0x0000000080000000, 0x0000000084680000, 0x00000000d5580000)
  object space 72192K, 42% used [0x0000000080000000,0x0000000081dd0678,0x0000000084680000)
 Metaspace       used 57153K, capacity 58698K, committed 58752K, reserved 1099776K
  class space    used 7875K, capacity 8293K, committed 8320K, reserved 1048576K
}
Event: 22.807 GC heap before
{Heap before GC invocations=16 (full 2):
 PSYoungGen      total 138752K, used 15327K [0x00000000d5580000, 0x00000000e1c00000, 0x0000000100000000)
  eden space 125952K, 2% used [0x00000000d5580000,0x00000000d57faf10,0x00000000dd080000)
  from space 12800K, 99% used [0x00000000dd080000,0x00000000ddcfcd78,0x00000000ddd00000)
  to   space 16896K, 0% used [0x00000000e0b80000,0x00000000e0b80000,0x00000000e1c00000)
 ParOldGen       total 72192K, used 30529K [0x0000000080000000, 0x0000000084680000, 0x00000000d5580000)
  object space 72192K, 42% used [0x0000000080000000,0x0000000081dd0678,0x0000000084680000)
 Metaspace       used 57320K, capacity 58826K, committed 59008K, reserved 1099776K
  class space    used 7894K, capacity 8293K, committed 8320K, reserved 1048576K
Event: 22.815 GC heap after
Heap after GC invocations=16 (full 2):
 PSYoungGen      total 142848K, used 380K [0x00000000d5580000, 0x00000000e1c00000, 0x0000000100000000)
  eden space 125952K, 0% used [0x00000000d5580000,0x00000000d5580000,0x00000000dd080000)
  from space 16896K, 2% used [0x00000000e0b80000,0x00000000e0bdf268,0x00000000e1c00000)
  to   space 12800K, 0% used [0x00000000dd080000,0x00000000dd080000,0x00000000ddd00000)
 ParOldGen       total 72192K, used 39143K [0x0000000080000000, 0x0000000084680000, 0x00000000d5580000)
  object space 72192K, 54% used [0x0000000080000000,0x0000000082639ef8,0x0000000084680000)
 Metaspace       used 57320K, capacity 58826K, committed 59008K, reserved 1099776K
  class space    used 7894K, capacity 8293K, committed 8320K, reserved 1048576K
}
Event: 22.815 GC heap before
{Heap before GC invocations=17 (full 3):
 PSYoungGen      total 142848K, used 380K [0x00000000d5580000, 0x00000000e1c00000, 0x0000000100000000)
  eden space 125952K, 0% used [0x00000000d5580000,0x00000000d5580000,0x00000000dd080000)
  from space 16896K, 2% used [0x00000000e0b80000,0x00000000e0bdf268,0x00000000e1c00000)
  to   space 12800K, 0% used [0x00000000dd080000,0x00000000dd080000,0x00000000ddd00000)
 ParOldGen       total 72192K, used 39143K [0x0000000080000000, 0x0000000084680000, 0x00000000d5580000)
  object space 72192K, 54% used [0x0000000080000000,0x0000000082639ef8,0x0000000084680000)
 Metaspace       used 57320K, capacity 58826K, committed 59008K, reserved 1099776K
  class space    used 7894K, capacity 8293K, committed 8320K, reserved 1048576K
Event: 22.985 GC heap after
Heap after GC invocations=17 (full 3):
 PSYoungGen      total 142848K, used 0K [0x00000000d5580000, 0x00000000e1c00000, 0x0000000100000000)
  eden space 125952K, 0% used [0x00000000d5580000,0x00000000d5580000,0x00000000dd080000)
  from space 16896K, 0% used [0x00000000e0b80000,0x00000000e0b80000,0x00000000e1c00000)
  to   space 12800K, 0% used [0x00000000dd080000,0x00000000dd080000,0x00000000ddd00000)
 ParOldGen       total 72192K, used 34694K [0x0000000080000000, 0x0000000084680000, 0x00000000d5580000)
  object space 72192K, 48% used [0x0000000080000000,0x00000000821e1b00,0x0000000084680000)
 Metaspace       used 57309K, capacity 58790K, committed 59008K, reserved 1099776K
  class space    used 7890K, capacity 8287K, committed 8320K, reserved 1048576K
}

