# JRE version: OpenJDK Runtime Environment (8.0_312-b07) (build 1.8.0_312-b07)
# Java VM: OpenJDK 64-Bit Server VM (25.312-b07 mixed mode windows-amd64 compressed oops)
Heap:
 PSYoungGen      total 77312K, used 21782K [0x00000000d5580000, 0x00000000dab80000, 0x0000000100000000)
  eden space 66560K, 20% used [0x00000000d5580000,0x00000000d6285448,0x00000000d9680000)
  from space 10752K, 78% used [0x00000000da100000,0x00000000da940630,0x00000000dab80000)
  to   space 10752K, 0% used [0x00000000d9680000,0x00000000d9680000,0x00000000da100000)
 ParOldGen       total 58368K, used 8659K [0x0000000080000000, 0x0000000083900000, 0x00000000d5580000)
  object space 58368K, 14% used [0x0000000080000000,0x0000000080874f68,0x0000000083900000)
 Metaspace       used 32872K, capacity 33514K, committed 33792K, reserved 1079296K
  class space    used 4630K, capacity 4844K, committed 4864K, reserved 1048576K
GC Heap History (10 events):
Event: 3.126 GC heap before
{Heap before GC invocations=5 (full 0):
 PSYoungGen      total 38400K, used 38368K [0x00000000d5580000, 0x00000000da080000, 0x0000000100000000)
  eden space 33280K, 100% used [0x00000000d5580000,0x00000000d7600000,0x00000000d7600000)
  from space 5120K, 99% used [0x00000000d7b00000,0x00000000d7ff8020,0x00000000d8000000)
  to   space 5120K, 0% used [0x00000000d7600000,0x00000000d7600000,0x00000000d7b00000)
 ParOldGen       total 87552K, used 4855K [0x0000000080000000, 0x0000000085580000, 0x00000000d5580000)
  object space 87552K, 5% used [0x0000000080000000,0x00000000804bdc98,0x0000000085580000)
 Metaspace       used 18884K, capacity 19432K, committed 19712K, reserved 1067008K
  class space    used 2794K, capacity 2956K, committed 3072K, reserved 1048576K
Event: 3.134 GC heap after
Heap after GC invocations=5 (full 0):
 PSYoungGen      total 38400K, used 5088K [0x00000000d5580000, 0x00000000dab80000, 0x0000000100000000)
  eden space 33280K, 0% used [0x00000000d5580000,0x00000000d5580000,0x00000000d7600000)
  from space 5120K, 99% used [0x00000000d7600000,0x00000000d7af8050,0x00000000d7b00000)
  to   space 10752K, 0% used [0x00000000da100000,0x00000000da100000,0x00000000dab80000)
 ParOldGen       total 87552K, used 8619K [0x0000000080000000, 0x0000000085580000, 0x00000000d5580000)
  object space 87552K, 9% used [0x0000000080000000,0x000000008086ad58,0x0000000085580000)
 Metaspace       used 18884K, capacity 19432K, committed 19712K, reserved 1067008K
  class space    used 2794K, capacity 2956K, committed 3072K, reserved 1048576K
}
Event: 3.327 GC heap before
{Heap before GC invocations=6 (full 0):
 PSYoungGen      total 38400K, used 20244K [0x00000000d5580000, 0x00000000dab80000, 0x0000000100000000)
  eden space 33280K, 45% used [0x00000000d5580000,0x00000000d644d398,0x00000000d7600000)
  from space 5120K, 99% used [0x00000000d7600000,0x00000000d7af8050,0x00000000d7b00000)
  to   space 10752K, 0% used [0x00000000da100000,0x00000000da100000,0x00000000dab80000)
 ParOldGen       total 87552K, used 8619K [0x0000000080000000, 0x0000000085580000, 0x00000000d5580000)
  object space 87552K, 9% used [0x0000000080000000,0x000000008086ad58,0x0000000085580000)
 Metaspace       used 20476K, capacity 20974K, committed 21248K, reserved 1067008K
  class space    used 3022K, capacity 3213K, committed 3328K, reserved 1048576K
Event: 3.335 GC heap after
Heap after GC invocations=6 (full 0):
 PSYoungGen      total 77312K, used 7505K [0x00000000d5580000, 0x00000000dab80000, 0x0000000100000000)
  eden space 66560K, 0% used [0x00000000d5580000,0x00000000d5580000,0x00000000d9680000)
  from space 10752K, 69% used [0x00000000da100000,0x00000000da854690,0x00000000dab80000)
  to   space 10752K, 0% used [0x00000000d9680000,0x00000000d9680000,0x00000000da100000)
 ParOldGen       total 87552K, used 8627K [0x0000000080000000, 0x0000000085580000, 0x00000000d5580000)
  object space 87552K, 9% used [0x0000000080000000,0x000000008086cd58,0x0000000085580000)
 Metaspace       used 20476K, capacity 20974K, committed 21248K, reserved 1067008K
  class space    used 3022K, capacity 3213K, committed 3328K, reserved 1048576K
}
Event: 3.335 GC heap before
{Heap before GC invocations=7 (full 1):
 PSYoungGen      total 77312K, used 7505K [0x00000000d5580000, 0x00000000dab80000, 0x0000000100000000)
  eden space 66560K, 0% used [0x00000000d5580000,0x00000000d5580000,0x00000000d9680000)
  from space 10752K, 69% used [0x00000000da100000,0x00000000da854690,0x00000000dab80000)
  to   space 10752K, 0% used [0x00000000d9680000,0x00000000d9680000,0x00000000da100000)
 ParOldGen       total 87552K, used 8627K [0x0000000080000000, 0x0000000085580000, 0x00000000d5580000)
  object space 87552K, 9% used [0x0000000080000000,0x000000008086cd58,0x0000000085580000)
 Metaspace       used 20476K, capacity 20974K, committed 21248K, reserved 1067008K
  class space    used 3022K, capacity 3213K, committed 3328K, reserved 1048576K
Event: 3.370 GC heap after
Heap after GC invocations=7 (full 1):
 PSYoungGen      total 77312K, used 0K [0x00000000d5580000, 0x00000000dab80000, 0x0000000100000000)
  eden space 66560K, 0% used [0x00000000d5580000,0x00000000d5580000,0x00000000d9680000)
  from space 10752K, 0% used [0x00000000da100000,0x00000000da100000,0x00000000dab80000)
  to   space 10752K, 0% used [0x00000000d9680000,0x00000000d9680000,0x00000000da100000)
 ParOldGen       total 58368K, used 8643K [0x0000000080000000, 0x0000000083900000, 0x00000000d5580000)
  object space 58368K, 14% used [0x0000000080000000,0x0000000080870f68,0x0000000083900000)
 Metaspace       used 20476K, capacity 20974K, committed 21248K, reserved 1067008K
  class space    used 3022K, capacity 3213K, committed 3328K, reserved 1048576K
}
Event: 4.221 GC heap before
{Heap before GC invocations=8 (full 1):
 PSYoungGen      total 77312K, used 66560K [0x00000000d5580000, 0x00000000dab80000, 0x0000000100000000)
  eden space 66560K, 100% used [0x00000000d5580000,0x00000000d9680000,0x00000000d9680000)
  from space 10752K, 0% used [0x00000000da100000,0x00000000da100000,0x00000000dab80000)
  to   space 10752K, 0% used [0x00000000d9680000,0x00000000d9680000,0x00000000da100000)
 ParOldGen       total 58368K, used 8643K [0x0000000080000000, 0x0000000083900000, 0x00000000d5580000)
  object space 58368K, 14% used [0x0000000080000000,0x0000000080870f68,0x0000000083900000)
 Metaspace       used 29058K, capacity 29552K, committed 29824K, reserved 1075200K
  class space    used 4012K, capacity 4188K, committed 4224K, reserved 1048576K
Event: 4.228 GC heap after
Heap after GC invocations=8 (full 1):
 PSYoungGen      total 77312K, used 8076K [0x00000000d5580000, 0x00000000dab80000, 0x0000000100000000)
  eden space 66560K, 0% used [0x00000000d5580000,0x00000000d5580000,0x00000000d9680000)
  from space 10752K, 75% used [0x00000000d9680000,0x00000000d9e63350,0x00000000da100000)
  to   space 10752K, 0% used [0x00000000da100000,0x00000000da100000,0x00000000dab80000)
 ParOldGen       total 58368K, used 8651K [0x0000000080000000, 0x0000000083900000, 0x00000000d5580000)
  object space 58368K, 14% used [0x0000000080000000,0x0000000080872f68,0x0000000083900000)
 Metaspace       used 29058K, capacity 29552K, committed 29824K, reserved 1075200K
  class space    used 4012K, capacity 4188K, committed 4224K, reserved 1048576K
}
Event: 4.915 GC heap before
{Heap before GC invocations=9 (full 1):
 PSYoungGen      total 77312K, used 74636K [0x00000000d5580000, 0x00000000dab80000, 0x0000000100000000)
  eden space 66560K, 100% used [0x00000000d5580000,0x00000000d9680000,0x00000000d9680000)
  from space 10752K, 75% used [0x00000000d9680000,0x00000000d9e63350,0x00000000da100000)
  to   space 10752K, 0% used [0x00000000da100000,0x00000000da100000,0x00000000dab80000)
 ParOldGen       total 58368K, used 8651K [0x0000000080000000, 0x0000000083900000, 0x00000000d5580000)
  object space 58368K, 14% used [0x0000000080000000,0x0000000080872f68,0x0000000083900000)
 Metaspace       used 32147K, capacity 32750K, committed 33280K, reserved 1077248K
  class space    used 4532K, capacity 4742K, committed 4864K, reserved 1048576K
Event: 4.934 GC heap after
Heap after GC invocations=9 (full 1):
 PSYoungGen      total 77312K, used 8449K [0x00000000d5580000, 0x00000000dab80000, 0x0000000100000000)
  eden space 66560K, 0% used [0x00000000d5580000,0x00000000d5580000,0x00000000d9680000)
  from space 10752K, 78% used [0x00000000da100000,0x00000000da940630,0x00000000dab80000)
  to   space 10752K, 0% used [0x00000000d9680000,0x00000000d9680000,0x00000000da100000)
 ParOldGen       total 58368K, used 8659K [0x0000000080000000, 0x0000000083900000, 0x00000000d5580000)
  object space 58368K, 14% used [0x0000000080000000,0x0000000080874f68,0x0000000083900000)
 Metaspace       used 32147K, capacity 32750K, committed 33280K, reserved 1077248K
  class space    used 4532K, capacity 4742K, committed 4864K, reserved 1048576K
}

